TN:
SF:src/RemoteOwner.sol
FN:76,RemoteOwner.execute
FNDA:5,RemoteOwner.execute
DA:77,2
DA:78,2
BRDA:78,0,0,1
BRDA:78,0,1,1
FN:92,RemoteOwner.renounceOwnership
FNDA:2,RemoteOwner.renounceOwnership
DA:93,1
FN:101,RemoteOwner.transferOwnership
FNDA:5,RemoteOwner.transferOwnership
DA:102,3
BRDA:102,1,0,1
BRDA:102,1,1,2
DA:103,2
DA:104,2
FN:111,RemoteOwner.claimOwnership
FNDA:2,RemoteOwner.claimOwnership
DA:112,1
DA:113,1
FN:122,RemoteOwner.originChainId
FNDA:1,RemoteOwner.originChainId
DA:123,1
FN:126,RemoteOwner.owner
FNDA:2,RemoteOwner.owner
DA:127,2
FN:134,RemoteOwner.pendingOwner
FNDA:2,RemoteOwner.pendingOwner
DA:135,2
FN:140,RemoteOwner._setOwner
FNDA:2,RemoteOwner._setOwner
DA:141,2
DA:142,2
DA:144,2
FNF:8
FNH:8
LF:14
LH:14
BRF:4
BRH:4
end_of_record
TN:
SF:src/libraries/RemoteOwnerCallEncoder.sol
FN:7,RemoteOwnerCallEncoder.encodeCalldata
FNDA:1,RemoteOwnerCallEncoder.encodeCalldata
DA:8,1
FNF:1
FNH:1
LF:1
LH:1
BRF:0
BRH:0
end_of_record
TN:
SF:test/libraries/RemoteOwnerCallEncoderWrapper.sol
FN:7,RemoteOwnerCallEncoderWrapper.encodeCalldata
FNDA:1,RemoteOwnerCallEncoderWrapper.encodeCalldata
DA:8,1
DA:9,1
FNF:1
FNH:1
LF:2
LH:2
BRF:0
BRH:0
end_of_record
