TN:
SF:src/RemoteOwner.sol
FN:61,RemoteOwner.execute
FNDA:5,RemoteOwner.execute
DA:64,5
DA:65,2
DA:69,2
BRDA:69,0,0,1
BRDA:69,0,1,1
FN:79,RemoteOwner.originChainId
FNDA:1,RemoteOwner.originChainId
DA:80,1
FN:83,RemoteOwner.originChainOwner
FNDA:2,RemoteOwner.originChainOwner
DA:84,2
FN:94,RemoteOwner.setOriginChainOwner
FNDA:3,RemoteOwner.setOriginChainOwner
DA:95,3
DA:96,2
FN:101,RemoteOwner._setOriginChainOwner
FNDA:2,RemoteOwner._setOriginChainOwner
DA:102,2
BRDA:102,1,0,1
BRDA:102,1,1,1
DA:104,1
DA:106,1
FN:115,RemoteOwner._checkSender
FNDA:8,RemoteOwner._checkSender
DA:116,8
BRDA:116,2,0,1
BRDA:116,2,1,7
DA:117,7
BRDA:117,3,0,1
BRDA:117,3,1,6
DA:118,6
BRDA:118,4,0,2
BRDA:118,4,1,4
FNF:6
FNH:6
LF:13
LH:13
BRF:10
BRH:10
end_of_record
TN:
SF:src/libraries/RemoteOwnerCallEncoder.sol
FN:7,RemoteOwnerCallEncoder.encodeCalldata
FNDA:0,RemoteOwnerCallEncoder.encodeCalldata
DA:8,0
FNF:1
FNH:0
LF:1
LH:0
BRF:0
BRH:0
end_of_record
